ERROR - 2025-08-21 05:55:27 --> mysqli_sql_exception: Invalid default value for 'enrollment_date' in C:\Xampp\htdocs\ITE311-ESYONG\system\Database\MySQLi\Connection.php:327
Stack trace:
#0 C:\Xampp\htdocs\ITE311-ESYONG\system\Database\MySQLi\Connection.php(327): mysqli->query('CREATE TABLE `e...', 0)
#1 C:\Xampp\htdocs\ITE311-ESYONG\system\Database\BaseConnection.php(729): CodeIgniter\Database\MySQLi\Connection->execute('CREATE TABLE `e...')
#2 C:\Xampp\htdocs\ITE311-ESYONG\system\Database\BaseConnection.php(646): CodeIgniter\Database\BaseConnection->simpleQuery('CREATE TABLE `e...')
#3 C:\Xampp\htdocs\ITE311-ESYONG\system\Database\Forge.php(570): CodeIgniter\Database\BaseConnection->query('CREATE TABLE `e...')
#4 C:\Xampp\htdocs\ITE311-ESYONG\app\Database\Migrations\2025-08-20-063006_CreateEnrollmentsTable.php(63): CodeIgniter\Database\Forge->createTable('enrollments')
#5 C:\Xampp\htdocs\ITE311-ESYONG\system\Database\MigrationRunner.php(876): App\Database\Migrations\CreateEnrollmentsTable->up()
#6 C:\Xampp\htdocs\ITE311-ESYONG\system\Database\MigrationRunner.php(182): CodeIgniter\Database\MigrationRunner->migrate('up', Object(stdClass))
#7 C:\Xampp\htdocs\ITE311-ESYONG\system\Commands\Database\Migrate.php(85): CodeIgniter\Database\MigrationRunner->latest(NULL)
#8 C:\Xampp\htdocs\ITE311-ESYONG\system\CLI\Commands.php(74): CodeIgniter\Commands\Database\Migrate->run(Array)
#9 C:\Xampp\htdocs\ITE311-ESYONG\system\CLI\BaseCommand.php(119): CodeIgniter\CLI\Commands->run('migrate', Array)
#10 C:\Xampp\htdocs\ITE311-ESYONG\system\Commands\Database\MigrateRefresh.php(87): CodeIgniter\CLI\BaseCommand->call('migrate', Array)
#11 C:\Xampp\htdocs\ITE311-ESYONG\system\CLI\Commands.php(74): CodeIgniter\Commands\Database\MigrateRefresh->run(Array)
#12 C:\Xampp\htdocs\ITE311-ESYONG\system\CLI\Console.php(47): CodeIgniter\CLI\Commands->run('migrate:refresh', Array)
#13 C:\Xampp\htdocs\ITE311-ESYONG\system\Boot.php(388): CodeIgniter\CLI\Console->run()
#14 C:\Xampp\htdocs\ITE311-ESYONG\system\Boot.php(133): CodeIgniter\Boot::runCommand(Object(CodeIgniter\CLI\Console))
#15 C:\Xampp\htdocs\ITE311-ESYONG\spark(87): CodeIgniter\Boot::bootSpark(Object(Config\Paths))
#16 {main}
ERROR - 2025-08-21 06:07:22 --> mysqli_sql_exception: Invalid default value for 'submitted_at' in C:\Xampp\htdocs\ITE311-ESYONG\system\Database\MySQLi\Connection.php:327
Stack trace:
#0 C:\Xampp\htdocs\ITE311-ESYONG\system\Database\MySQLi\Connection.php(327): mysqli->query('CREATE TABLE `s...', 0)
#1 C:\Xampp\htdocs\ITE311-ESYONG\system\Database\BaseConnection.php(729): CodeIgniter\Database\MySQLi\Connection->execute('CREATE TABLE `s...')
#2 C:\Xampp\htdocs\ITE311-ESYONG\system\Database\BaseConnection.php(646): CodeIgniter\Database\BaseConnection->simpleQuery('CREATE TABLE `s...')
#3 C:\Xampp\htdocs\ITE311-ESYONG\system\Database\Forge.php(570): CodeIgniter\Database\BaseConnection->query('CREATE TABLE `s...')
#4 C:\Xampp\htdocs\ITE311-ESYONG\app\Database\Migrations\2025-08-20-063044_CreateSubmissionsTable.php(68): CodeIgniter\Database\Forge->createTable('submissions')
#5 C:\Xampp\htdocs\ITE311-ESYONG\system\Database\MigrationRunner.php(876): App\Database\Migrations\CreateSubmissionsTable->up()
#6 C:\Xampp\htdocs\ITE311-ESYONG\system\Database\MigrationRunner.php(182): CodeIgniter\Database\MigrationRunner->migrate('up', Object(stdClass))
#7 C:\Xampp\htdocs\ITE311-ESYONG\system\Commands\Database\Migrate.php(85): CodeIgniter\Database\MigrationRunner->latest(NULL)
#8 C:\Xampp\htdocs\ITE311-ESYONG\system\CLI\Commands.php(74): CodeIgniter\Commands\Database\Migrate->run(Array)
#9 C:\Xampp\htdocs\ITE311-ESYONG\system\CLI\BaseCommand.php(119): CodeIgniter\CLI\Commands->run('migrate', Array)
#10 C:\Xampp\htdocs\ITE311-ESYONG\system\Commands\Database\MigrateRefresh.php(87): CodeIgniter\CLI\BaseCommand->call('migrate', Array)
#11 C:\Xampp\htdocs\ITE311-ESYONG\system\CLI\Commands.php(74): CodeIgniter\Commands\Database\MigrateRefresh->run(Array)
#12 C:\Xampp\htdocs\ITE311-ESYONG\system\CLI\Console.php(47): CodeIgniter\CLI\Commands->run('migrate:refresh', Array)
#13 C:\Xampp\htdocs\ITE311-ESYONG\system\Boot.php(388): CodeIgniter\CLI\Console->run()
#14 C:\Xampp\htdocs\ITE311-ESYONG\system\Boot.php(133): CodeIgniter\Boot::runCommand(Object(CodeIgniter\CLI\Console))
#15 C:\Xampp\htdocs\ITE311-ESYONG\spark(87): CodeIgniter\Boot::bootSpark(Object(Config\Paths))
#16 {main}
ERROR - 2025-08-21 06:16:46 --> mysqli_sql_exception: Invalid default value for 'submitted_at' in C:\Xampp\htdocs\ITE311-ESYONG\system\Database\MySQLi\Connection.php:327
Stack trace:
#0 C:\Xampp\htdocs\ITE311-ESYONG\system\Database\MySQLi\Connection.php(327): mysqli->query('CREATE TABLE `s...', 0)
#1 C:\Xampp\htdocs\ITE311-ESYONG\system\Database\BaseConnection.php(729): CodeIgniter\Database\MySQLi\Connection->execute('CREATE TABLE `s...')
#2 C:\Xampp\htdocs\ITE311-ESYONG\system\Database\BaseConnection.php(646): CodeIgniter\Database\BaseConnection->simpleQuery('CREATE TABLE `s...')
#3 C:\Xampp\htdocs\ITE311-ESYONG\system\Database\Forge.php(570): CodeIgniter\Database\BaseConnection->query('CREATE TABLE `s...')
#4 C:\Xampp\htdocs\ITE311-ESYONG\app\Database\Migrations\2025-08-20-063044_CreateSubmissionsTable.php(68): CodeIgniter\Database\Forge->createTable('submissions')
#5 C:\Xampp\htdocs\ITE311-ESYONG\system\Database\MigrationRunner.php(876): App\Database\Migrations\CreateSubmissionsTable->up()
#6 C:\Xampp\htdocs\ITE311-ESYONG\system\Database\MigrationRunner.php(182): CodeIgniter\Database\MigrationRunner->migrate('up', Object(stdClass))
#7 C:\Xampp\htdocs\ITE311-ESYONG\system\Commands\Database\Migrate.php(85): CodeIgniter\Database\MigrationRunner->latest(NULL)
#8 C:\Xampp\htdocs\ITE311-ESYONG\system\CLI\Commands.php(74): CodeIgniter\Commands\Database\Migrate->run(Array)
#9 C:\Xampp\htdocs\ITE311-ESYONG\system\CLI\Console.php(47): CodeIgniter\CLI\Commands->run('migrate', Array)
#10 C:\Xampp\htdocs\ITE311-ESYONG\system\Boot.php(388): CodeIgniter\CLI\Console->run()
#11 C:\Xampp\htdocs\ITE311-ESYONG\system\Boot.php(133): CodeIgniter\Boot::runCommand(Object(CodeIgniter\CLI\Console))
#12 C:\Xampp\htdocs\ITE311-ESYONG\spark(87): CodeIgniter\Boot::bootSpark(Object(Config\Paths))
#13 {main}
